<?xml version="1.0" encoding="UTF-8"?>
<testng-results ignored="0" total="5" passed="5" failed="0" skipped="0">
  <reporter-output>
  </reporter-output>
  <suite started-at="2022-11-24T11:57:10 IST" name="Suite" finished-at="2022-11-24T11:57:42 IST" duration-ms="31658">
    <groups>
    </groups>
    <test started-at="2022-11-24T11:57:10 IST" name="WindowsChrome" finished-at="2022-11-24T11:57:28 IST" duration-ms="17508">
      <class name="Day5Test.SeleniumGridDemo">
        <test-method is-config="true" signature="setup(java.lang.String,java.lang.String,java.lang.String,java.lang.String)[pri:0, instance:Day5Test.SeleniumGridDemo@662b4c69]" started-at="2022-11-24T11:57:10 IST" name="setup" finished-at="2022-11-24T11:57:18 IST" duration-ms="7667" status="PASS">
          <params>
            <param index="0">
              <value>
                <![CDATA[Chrome]]>
              </value>
            </param>
            <param index="1">
              <value>
                <![CDATA[105]]>
              </value>
            </param>
            <param index="2">
              <value>
                <![CDATA[Windows]]>
              </value>
            </param>
            <param index="3">
              <value>
                <![CDATA[10]]>
              </value>
            </param>
          </params>
          <reporter-output>
          </reporter-output>
        </test-method> <!-- setup -->
        <test-method signature="mytest1()[pri:0, instance:Day5Test.SeleniumGridDemo@662b4c69]" started-at="2022-11-24T11:57:18 IST" name="mytest1" finished-at="2022-11-24T11:57:26 IST" duration-ms="8514" status="PASS">
          <reporter-output>
          </reporter-output>
        </test-method> <!-- mytest1 -->
        <test-method is-config="true" signature="tearDown()[pri:0, instance:Day5Test.SeleniumGridDemo@662b4c69]" started-at="2022-11-24T11:57:26 IST" name="tearDown" finished-at="2022-11-24T11:57:28 IST" duration-ms="1275" status="PASS">
          <reporter-output>
          </reporter-output>
        </test-method> <!-- tearDown -->
      </class> <!-- Day5Test.SeleniumGridDemo -->
    </test> <!-- WindowsChrome -->
    <test started-at="2022-11-24T11:57:10 IST" name="WindowsEdge" finished-at="2022-11-24T11:57:33 IST" duration-ms="22518">
      <class name="Day5Test.SeleniumGridDemo">
        <test-method is-config="true" signature="setup(java.lang.String,java.lang.String,java.lang.String,java.lang.String)[pri:0, instance:Day5Test.SeleniumGridDemo@4659191b]" started-at="2022-11-24T11:57:10 IST" name="setup" finished-at="2022-11-24T11:57:21 IST" duration-ms="10464" status="PASS">
          <params>
            <param index="0">
              <value>
                <![CDATA[Edge]]>
              </value>
            </param>
            <param index="1">
              <value>
                <![CDATA[latest]]>
              </value>
            </param>
            <param index="2">
              <value>
                <![CDATA[Windows]]>
              </value>
            </param>
            <param index="3">
              <value>
                <![CDATA[10]]>
              </value>
            </param>
          </params>
          <reporter-output>
          </reporter-output>
        </test-method> <!-- setup -->
        <test-method signature="mytest1()[pri:0, instance:Day5Test.SeleniumGridDemo@4659191b]" started-at="2022-11-24T11:57:21 IST" name="mytest1" finished-at="2022-11-24T11:57:31 IST" duration-ms="9826" status="PASS">
          <reporter-output>
          </reporter-output>
        </test-method> <!-- mytest1 -->
        <test-method is-config="true" signature="tearDown()[pri:0, instance:Day5Test.SeleniumGridDemo@4659191b]" started-at="2022-11-24T11:57:31 IST" name="tearDown" finished-at="2022-11-24T11:57:33 IST" duration-ms="2192" status="PASS">
          <reporter-output>
          </reporter-output>
        </test-method> <!-- tearDown -->
      </class> <!-- Day5Test.SeleniumGridDemo -->
    </test> <!-- WindowsEdge -->
    <test started-at="2022-11-24T11:57:10 IST" name="WindowsFirefox" finished-at="2022-11-24T11:57:34 IST" duration-ms="23881">
      <class name="Day5Test.SeleniumGridDemo">
        <test-method is-config="true" signature="setup(java.lang.String,java.lang.String,java.lang.String,java.lang.String)[pri:0, instance:Day5Test.SeleniumGridDemo@4b8ee4de]" started-at="2022-11-24T11:57:10 IST" name="setup" finished-at="2022-11-24T11:57:24 IST" duration-ms="14039" status="PASS">
          <params>
            <param index="0">
              <value>
                <![CDATA[Firefox]]>
              </value>
            </param>
            <param index="1">
              <value>
                <![CDATA[latest]]>
              </value>
            </param>
            <param index="2">
              <value>
                <![CDATA[Windows]]>
              </value>
            </param>
            <param index="3">
              <value>
                <![CDATA[10]]>
              </value>
            </param>
          </params>
          <reporter-output>
          </reporter-output>
        </test-method> <!-- setup -->
        <test-method signature="mytest1()[pri:0, instance:Day5Test.SeleniumGridDemo@4b8ee4de]" started-at="2022-11-24T11:57:24 IST" name="mytest1" finished-at="2022-11-24T11:57:33 IST" duration-ms="8498" status="PASS">
          <reporter-output>
          </reporter-output>
        </test-method> <!-- mytest1 -->
        <test-method is-config="true" signature="tearDown()[pri:0, instance:Day5Test.SeleniumGridDemo@4b8ee4de]" started-at="2022-11-24T11:57:33 IST" name="tearDown" finished-at="2022-11-24T11:57:34 IST" duration-ms="1307" status="PASS">
          <reporter-output>
          </reporter-output>
        </test-method> <!-- tearDown -->
      </class> <!-- Day5Test.SeleniumGridDemo -->
    </test> <!-- WindowsFirefox -->
    <test started-at="2022-11-24T11:57:10 IST" name="MacFirefox" finished-at="2022-11-24T11:57:41 IST" duration-ms="30777">
      <class name="Day5Test.SeleniumGridDemo">
        <test-method is-config="true" signature="setup(java.lang.String,java.lang.String,java.lang.String,java.lang.String)[pri:0, instance:Day5Test.SeleniumGridDemo@6bd61f98]" started-at="2022-11-24T11:57:10 IST" name="setup" finished-at="2022-11-24T11:57:30 IST" duration-ms="19724" status="PASS">
          <params>
            <param index="0">
              <value>
                <![CDATA[Firefox]]>
              </value>
            </param>
            <param index="1">
              <value>
                <![CDATA[100]]>
              </value>
            </param>
            <param index="2">
              <value>
                <![CDATA[OS X]]>
              </value>
            </param>
            <param index="3">
              <value>
                <![CDATA[Ventura]]>
              </value>
            </param>
          </params>
          <reporter-output>
          </reporter-output>
        </test-method> <!-- setup -->
        <test-method signature="mytest1()[pri:0, instance:Day5Test.SeleniumGridDemo@6bd61f98]" started-at="2022-11-24T11:57:30 IST" name="mytest1" finished-at="2022-11-24T11:57:39 IST" duration-ms="8947" status="PASS">
          <reporter-output>
          </reporter-output>
        </test-method> <!-- mytest1 -->
        <test-method is-config="true" signature="tearDown()[pri:0, instance:Day5Test.SeleniumGridDemo@6bd61f98]" started-at="2022-11-24T11:57:39 IST" name="tearDown" finished-at="2022-11-24T11:57:41 IST" duration-ms="2061" status="PASS">
          <reporter-output>
          </reporter-output>
        </test-method> <!-- tearDown -->
      </class> <!-- Day5Test.SeleniumGridDemo -->
    </test> <!-- MacFirefox -->
    <test started-at="2022-11-24T11:57:10 IST" name="MacChrome" finished-at="2022-11-24T11:57:42 IST" duration-ms="31658">
      <class name="Day5Test.SeleniumGridDemo">
        <test-method is-config="true" signature="setup(java.lang.String,java.lang.String,java.lang.String,java.lang.String)[pri:0, instance:Day5Test.SeleniumGridDemo@d9345cd]" started-at="2022-11-24T11:57:10 IST" name="setup" finished-at="2022-11-24T11:57:31 IST" duration-ms="21183" status="PASS">
          <params>
            <param index="0">
              <value>
                <![CDATA[Chrome]]>
              </value>
            </param>
            <param index="1">
              <value>
                <![CDATA[102]]>
              </value>
            </param>
            <param index="2">
              <value>
                <![CDATA[OS X]]>
              </value>
            </param>
            <param index="3">
              <value>
                <![CDATA[Ventura]]>
              </value>
            </param>
          </params>
          <reporter-output>
          </reporter-output>
        </test-method> <!-- setup -->
        <test-method signature="mytest1()[pri:0, instance:Day5Test.SeleniumGridDemo@d9345cd]" started-at="2022-11-24T11:57:31 IST" name="mytest1" finished-at="2022-11-24T11:57:41 IST" duration-ms="9045" status="PASS">
          <reporter-output>
          </reporter-output>
        </test-method> <!-- mytest1 -->
        <test-method is-config="true" signature="tearDown()[pri:0, instance:Day5Test.SeleniumGridDemo@d9345cd]" started-at="2022-11-24T11:57:41 IST" name="tearDown" finished-at="2022-11-24T11:57:42 IST" duration-ms="1385" status="PASS">
          <reporter-output>
          </reporter-output>
        </test-method> <!-- tearDown -->
      </class> <!-- Day5Test.SeleniumGridDemo -->
    </test> <!-- MacChrome -->
  </suite> <!-- Suite -->
</testng-results>
